[INFO] Scanning for projects...
[INFO] ------------------------------------------------------------------------
[INFO] Reactor Build Order:
[INFO] 
[INFO] ecommerce                                                          [pom]
[INFO] core                                                               [jar]
[INFO] util                                                               [jar]
[INFO] storage                                                            [jar]
[INFO] audit                                                              [jar]
[INFO] security                                                           [jar]
[INFO] iam                                                                [jar]
[INFO] payment                                                            [jar]
[INFO] domain                                                             [pom]
[INFO] domain-catalog                                                     [jar]
[INFO] domain-inventory                                                   [jar]
[INFO] domain-marketing                                                   [jar]
[INFO] domain-sales                                                       [jar]
[INFO] domain-analytics                                                   [jar]
[INFO] domain-shipping                                                    [jar]
[INFO] api                                                                [war]
[INFO] 
[INFO] Using the MultiThreadedBuilder implementation with a thread count of 8
[INFO] 
[INFO] ------------------------< com.lemzo:ecommerce >-------------------------
[INFO] Building ecommerce 1.0-SNAPSHOT                                   [1/16]
[INFO]   from pom.xml
[INFO] --------------------------------[ pom ]---------------------------------
[INFO] 
[INFO] >>> pmd:3.28.0:check (default-cli) > :pmd @ ecommerce >>>
[INFO] 
[INFO] --- pmd:3.28.0:pmd (pmd) @ ecommerce ---
[INFO] Skipping org.apache.maven.plugins:maven-pmd-plugin:3.28.0:pmd report goal
[INFO] 
[INFO] <<< pmd:3.28.0:check (default-cli) < :pmd @ ecommerce <<<
[INFO] 
[INFO] 
[INFO] --- pmd:3.28.0:check (default-cli) @ ecommerce ---
[INFO] 
[INFO] ---------------------------< com.lemzo:core >---------------------------
[INFO] Building core 1.0-SNAPSHOT                                        [2/16]
[INFO] 
[INFO]   from core/pom.xml
[INFO] --------------------------< com.lemzo:domain >--------------------------
[INFO] --------------------------------[ jar ]---------------------------------
[INFO] Building domain 1.0-SNAPSHOT                                      [3/16]
[INFO]   from domain/pom.xml
[INFO] --------------------------------[ pom ]---------------------------------
[INFO] 
[INFO] >>> pmd:3.28.0:check (default-cli) > :pmd @ domain >>>
[INFO] 
[INFO] --- pmd:3.28.0:pmd (pmd) @ domain ---
[INFO] Skipping org.apache.maven.plugins:maven-pmd-plugin:3.28.0:pmd report goal
[INFO] 
[INFO] <<< pmd:3.28.0:check (default-cli) < :pmd @ domain <<<
[INFO] 
[INFO] 
[INFO] --- pmd:3.28.0:check (default-cli) @ domain ---
[INFO] 
[INFO] >>> pmd:3.28.0:check (default-cli) > :pmd @ core >>>
[INFO] 
[INFO] --- pmd:3.28.0:pmd (pmd) @ core ---
[WARNING] Unable to locate Source XRef to link to -- DISABLED
[INFO] PMD version: 7.17.0
[INFO] Rendering content with org.apache.maven.skins:maven-fluido-skin:jar:2.0.0-M9 skin
[INFO] 
[INFO] <<< pmd:3.28.0:check (default-cli) < :pmd @ core <<<
[INFO] 
[INFO] 
[INFO] --- pmd:3.28.0:check (default-cli) @ core ---
[WARNING] PMD Failure: com.lemzo.ecommerce.core.api.dto.PagedResponse:25 Rule:MethodArgumentCouldBeFinal Priority:3 Parameter 'page' is not assigned and could be declared final.
[WARNING] PMD Failure: com.lemzo.ecommerce.core.api.exception.GlobalExceptionMapper:20 Rule:UnnecessaryConstructor Priority:3 Avoid unnecessary constructors - the compiler will generate these for you.
[WARNING] PMD Failure: com.lemzo.ecommerce.core.api.hateoas.HateoasMapper:13 Rule:AtLeastOneConstructor Priority:3 Each class should declare at least one constructor.
[WARNING] PMD Failure: com.lemzo.ecommerce.core.api.security.PbacAction:16 Rule:UseExplicitTypes Priority:3 Use Explicit Types.
[WARNING] PMD Failure: com.lemzo.ecommerce.core.entity.converter.JsonbConverter:18 Rule:UnnecessaryConstructor Priority:3 Avoid unnecessary constructors - the compiler will generate these for you.
[WARNING] PMD 7.17.0 has found 5 violations. For more details see: /home/lemzo/Documents/Workspace/ecommerce/core/target/pmd.xml
[INFO] 
[INFO] ---------------------------< com.lemzo:util >---------------------------
[INFO] 
[INFO] Building util 1.0-SNAPSHOT                                        [4/16]
[INFO] 
[INFO] -------------------------< com.lemzo:storage >--------------------------
[INFO] 
[INFO]   from util/pom.xml
[INFO] --------------------------< com.lemzo:audit >---------------------------
[INFO] Building storage 1.0-SNAPSHOT                                     [5/16]
[INFO] -------------------------< com.lemzo:payment >--------------------------
[INFO] --------------------------------[ jar ]---------------------------------
[INFO] Building audit 1.0-SNAPSHOT                                       [6/16]
[INFO]   from storage/pom.xml
[INFO] Building payment 1.0-SNAPSHOT                                     [7/16]
[INFO]   from audit/pom.xml
[INFO] --------------------------------[ jar ]---------------------------------
[INFO]   from payment/pom.xml
[INFO] --------------------------------[ jar ]---------------------------------
[INFO] --------------------------------[ jar ]---------------------------------
[INFO] 
[INFO] >>> pmd:3.28.0:check (default-cli) > :pmd @ util >>>
[INFO] 
[INFO] >>> pmd:3.28.0:check (default-cli) > :pmd @ storage >>>
[INFO] 
[INFO] 
[INFO] >>> pmd:3.28.0:check (default-cli) > :pmd @ audit >>>
[INFO] >>> pmd:3.28.0:check (default-cli) > :pmd @ payment >>>
[INFO] 
[INFO] 
[INFO] --- pmd:3.28.0:pmd (pmd) @ payment ---
[INFO] --- pmd:3.28.0:pmd (pmd) @ util ---
[WARNING] Unable to locate Source XRef to link to -- DISABLED
[WARNING] Unable to locate Source XRef to link to -- DISABLED
[INFO] PMD version: 7.17.0
[INFO] 
[INFO] --- pmd:3.28.0:pmd (pmd) @ audit ---
[INFO] PMD version: 7.17.0
[WARNING] Unable to locate Source XRef to link to -- DISABLED
[INFO] PMD version: 7.17.0
[INFO] 
[INFO] --- pmd:3.28.0:pmd (pmd) @ storage ---
[WARNING] Unable to locate Source XRef to link to -- DISABLED
[INFO] PMD version: 7.17.0
[INFO] Rendering content with org.apache.maven.skins:maven-fluido-skin:jar:2.0.0-M9 skin
[INFO] Rendering content with org.apache.maven.skins:maven-fluido-skin:jar:2.0.0-M9 skin
[INFO] Rendering content with org.apache.maven.skins:maven-fluido-skin:jar:2.0.0-M9 skin
[INFO] Rendering content with org.apache.maven.skins:maven-fluido-skin:jar:2.0.0-M9 skin
[INFO] 
[INFO] <<< pmd:3.28.0:check (default-cli) < :pmd @ payment <<<
[INFO] 
[INFO] 
[INFO] --- pmd:3.28.0:check (default-cli) @ payment ---
[WARNING] PMD Failure: com.lemzo.ecommerce.payment.infrastructure.cod.CodAdapter:4 Rule:UnnecessaryImport Priority:4 Unused import 'com.lemzo.ecommerce.core.contract.payment.PaymentResult'.
[WARNING] PMD Failure: com.lemzo.ecommerce.payment.infrastructure.cod.CodAdapter:17 Rule:UnnecessaryConstructor Priority:3 Avoid unnecessary constructors - the compiler will generate these for you.
[WARNING] PMD Failure: com.lemzo.ecommerce.payment.infrastructure.cod.CodAdapter:23 Rule:UseExplicitTypes Priority:3 Use Explicit Types.
[WARNING] PMD Failure: com.lemzo.ecommerce.payment.infrastructure.paytech.PaytechAdapter:4 Rule:UnnecessaryImport Priority:4 Unused import 'com.lemzo.ecommerce.core.contract.payment.PaymentResult'.
[WARNING] PMD Failure: com.lemzo.ecommerce.payment.infrastructure.paytech.PaytechAdapter:17 Rule:UnnecessaryConstructor Priority:3 Avoid unnecessary constructors - the compiler will generate these for you.
[WARNING] PMD Failure: com.lemzo.ecommerce.payment.infrastructure.paytech.PaytechAdapter:23 Rule:UseExplicitTypes Priority:3 Use Explicit Types.
[WARNING] PMD Failure: com.lemzo.ecommerce.payment.infrastructure.paytech.PaytechAdapter:24 Rule:UseExplicitTypes Priority:3 Use Explicit Types.
[WARNING] PMD 7.17.0 has found 7 violations. For more details see: /home/lemzo/Documents/Workspace/ecommerce/payment/target/pmd.xml
[INFO] 
[INFO] <<< pmd:3.28.0:check (default-cli) < :pmd @ util <<<
[INFO] 
[INFO] 
[INFO] --- pmd:3.28.0:check (default-cli) @ util ---
[INFO] 
[INFO] <<< pmd:3.28.0:check (default-cli) < :pmd @ audit <<<
[INFO] 
[INFO] 
[INFO] --- pmd:3.28.0:check (default-cli) @ audit ---
[WARNING] PMD Failure: com.lemzo.ecommerce.audit.domain.AuditLog:12 Rule:ShortVariable Priority:3 Avoid variables with short names like id.
[WARNING] PMD Failure: com.lemzo.ecommerce.audit.infrastructure.AuditInterceptor:57 Rule:AvoidUsingHardCodedIP Priority:3 Do not hard code the IP address ${variableName}.
[WARNING] PMD Failure: com.lemzo.ecommerce.audit.infrastructure.MongoConfig:11 Rule:AtLeastOneConstructor Priority:3 Each class should declare at least one constructor.
[WARNING] PMD Failure: com.lemzo.ecommerce.audit.infrastructure.MongoConfig:27 Rule:MethodArgumentCouldBeFinal Priority:3 Parameter 'mongoClient' is not assigned and could be declared final.
[WARNING] PMD Failure: com.lemzo.ecommerce.audit.service.AuditService:33 Rule:LooseCoupling Priority:3 Avoid using implementation types like 'Document'; use the interface instead.
[WARNING] PMD Failure: com.lemzo.ecommerce.util.currency.CurrencyConverter:9 Rule:ImplicitFunctionalInterface Priority:2 Annotate this interface with @FunctionalInterface or with @SuppressWarnings("PMD.ImplicitFunctionalInterface") to clarify your intent..
[WARNING] PMD Failure: com.lemzo.ecommerce.audit.service.AuditService:45 Rule:LooseCoupling Priority:3 Avoid using implementation types like 'Document'; use the interface instead.
[WARNING] PMD Failure: com.lemzo.ecommerce.util.currency.CurrencyConverter:14 Rule:ShortVariable Priority:3 Avoid variables with short names like to.
[WARNING] PMD 7.17.0 has found 6 violations. For more details see: /home/lemzo/Documents/Workspace/ecommerce/audit/target/pmd.xml
[WARNING] PMD Failure: com.lemzo.ecommerce.util.currency.DefaultCurrencyConverter:22 Rule:LongVariable Priority:3 Avoid excessively long variable names like exchangeRateProvider.
[WARNING] PMD Failure: com.lemzo.ecommerce.util.currency.ExchangeRateProvider:14 Rule:FinalParameterInAbstractMethod Priority:1 Final parameter in abstract method.
[WARNING] PMD Failure: com.lemzo.ecommerce.util.currency.ExchangeRateProvider:14 Rule:ShortVariable Priority:3 Avoid variables with short names like to.
[WARNING] PMD Failure: com.lemzo.ecommerce.util.currency.MockExchangeRateProvider:11 Rule:AtLeastOneConstructor Priority:3 Each class should declare at least one constructor.
[WARNING] PMD Failure: com.lemzo.ecommerce.util.currency.MockExchangeRateProvider:16 Rule:OnlyOneReturn Priority:3 A method should have only one exit point, and that should be the last statement in the method.
[WARNING] PMD Failure: com.lemzo.ecommerce.util.currency.MockExchangeRateProvider:19 Rule:OnlyOneReturn Priority:3 A method should have only one exit point, and that should be the last statement in the method.
[WARNING] PMD Failure: com.lemzo.ecommerce.util.document.CsvExportUtil:13 Rule:AtLeastOneConstructor Priority:3 Each class should declare at least one constructor.
[WARNING] PMD Failure: com.lemzo.ecommerce.util.document.CsvExportUtil:21 Rule:MethodArgumentCouldBeFinal Priority:3 Parameter 'headers' is not assigned and could be declared final.
[WARNING] PMD Failure: com.lemzo.ecommerce.util.document.CsvExportUtil:21 Rule:MethodArgumentCouldBeFinal Priority:3 Parameter 'data' is not assigned and could be declared final.
[WARNING] PMD Failure: com.lemzo.ecommerce.util.document.CsvExportUtil:21 Rule:MethodArgumentCouldBeFinal Priority:3 Parameter 'rowMapper' is not assigned and could be declared final.
[WARNING] PMD Failure: com.lemzo.ecommerce.util.document.CsvExportUtil:22 Rule:LocalVariableCouldBeFinal Priority:3 Local variable 'csv' could be declared final.
[WARNING] PMD Failure: com.lemzo.ecommerce.util.document.CsvExportUtil:42 Rule:MethodArgumentCouldBeFinal Priority:3 Parameter 'value' is not assigned and could be declared final.
[WARNING] PMD Failure: com.lemzo.ecommerce.util.io.SizeLimitedInputStream:15 Rule:ShortVariable Priority:3 Avoid variables with short names like in.
[WARNING] PMD Failure: com.lemzo.ecommerce.util.io.SizeLimitedInputStream:22 Rule:ShortVariable Priority:3 Avoid variables with short names like b.
[WARNING] PMD Failure: com.lemzo.ecommerce.util.io.SizeLimitedInputStream:22 Rule:UseExplicitTypes Priority:3 Use Explicit Types.
[WARNING] PMD Failure: com.lemzo.ecommerce.util.io.SizeLimitedInputStream:30 Rule:ShortVariable Priority:3 Avoid variables with short names like b.
[WARNING] PMD Failure: com.lemzo.ecommerce.util.io.SizeLimitedInputStream:31 Rule:ShortVariable Priority:3 Avoid variables with short names like n.
[WARNING] PMD Failure: com.lemzo.ecommerce.util.io.SizeLimitedInputStream:31 Rule:UseExplicitTypes Priority:3 Use Explicit Types.
[WARNING] PMD Failure: com.lemzo.ecommerce.util.io.SizeLimitedInputStream:38 Rule:ShortVariable Priority:3 Avoid variables with short names like n.
[WARNING] PMD Failure: com.lemzo.ecommerce.util.security.TokenService:14 Rule:AtLeastOneConstructor Priority:3 Each class should declare at least one constructor.
[WARNING] PMD Failure: com.lemzo.ecommerce.util.storage.FileSanitizer:16 Rule:UnnecessaryConstructor Priority:3 Avoid unnecessary constructors - the compiler will generate these for you.
[WARNING] PMD Failure: com.lemzo.ecommerce.util.storage.FileSanitizer:34 Rule:ShortVariable Priority:3 Avoid variables with short names like s.
[WARNING] PMD Failure: com.lemzo.ecommerce.util.storage.FileSanitizer:35 Rule:OnlyOneReturn Priority:3 A method should have only one exit point, and that should be the last statement in the method.
[WARNING] PMD 7.17.0 has found 25 violations. For more details see: /home/lemzo/Documents/Workspace/ecommerce/util/target/pmd.xml
[INFO] 
[INFO] <<< pmd:3.28.0:check (default-cli) < :pmd @ storage <<<
[INFO] 
[INFO] 
[INFO] --- pmd:3.28.0:check (default-cli) @ storage ---
[WARNING] PMD Failure: com.lemzo.ecommerce.storage.infrastructure.minio.MinioAdapter:15 Rule:UnnecessaryImport Priority:4 Unused import 'java.time.LocalDate'.
[WARNING] PMD Failure: com.lemzo.ecommerce.storage.infrastructure.minio.MinioAdapter:34 Rule:LongVariable Priority:3 Avoid excessively long variable names like DATE_PATH_FORMATTER.
[WARNING] PMD Failure: com.lemzo.ecommerce.storage.infrastructure.minio.MinioAdapter:46 Rule:UseExplicitTypes Priority:3 Use Explicit Types.
[WARNING] PMD Failure: com.lemzo.ecommerce.storage.infrastructure.minio.MinioAdapter:47 Rule:UseExplicitTypes Priority:3 Use Explicit Types.
[WARNING] PMD Failure: com.lemzo.ecommerce.storage.infrastructure.minio.MinioAdapter:48 Rule:UseExplicitTypes Priority:3 Use Explicit Types.
[WARNING] PMD Failure: com.lemzo.ecommerce.storage.infrastructure.minio.MinioAdapter:63 Rule:UseVarargs Priority:4 Consider using varargs for methods or constructors which take an array the last parameter..
[WARNING] PMD Failure: com.lemzo.ecommerce.storage.infrastructure.minio.MinioAdapter:64 Rule:UseExplicitTypes Priority:3 Use Explicit Types.
[WARNING] PMD Failure: com.lemzo.ecommerce.storage.infrastructure.minio.MinioAdapter:66 Rule:UseExplicitTypes Priority:3 Use Explicit Types.
[WARNING] PMD Failure: com.lemzo.ecommerce.storage.infrastructure.minio.MinioAdapter:73 Rule:UseExplicitTypes Priority:3 Use Explicit Types.
[WARNING] PMD Failure: com.lemzo.ecommerce.storage.infrastructure.minio.MinioConfig:15 Rule:AtLeastOneConstructor Priority:3 Each class should declare at least one constructor.
[WARNING] PMD Failure: com.lemzo.ecommerce.storage.infrastructure.minio.MinioConfig:43 Rule:GuardLogStatement Priority:2 Logger calls should be surrounded by log level guards..
[WARNING] PMD Failure: com.lemzo.ecommerce.storage.infrastructure.minio.MinioConfig:47 Rule:GuardLogStatement Priority:2 Logger calls should be surrounded by log level guards..
[WARNING] PMD Failure: com.lemzo.ecommerce.storage.infrastructure.redis.DistributedLockService:24 Rule:MethodArgumentCouldBeFinal Priority:3 Parameter 'lockKey' is not assigned and could be declared final.
[WARNING] PMD Failure: com.lemzo.ecommerce.storage.infrastructure.redis.DistributedLockService:24 Rule:MethodArgumentCouldBeFinal Priority:3 Parameter 'timeoutSeconds' is not assigned and could be declared final.
[WARNING] PMD Failure: com.lemzo.ecommerce.storage.infrastructure.redis.DistributedLockService:24 Rule:MethodArgumentCouldBeFinal Priority:3 Parameter 'action' is not assigned and could be declared final.
[WARNING] PMD Failure: com.lemzo.ecommerce.storage.infrastructure.redis.DistributedLockService:25 Rule:LocalVariableCouldBeFinal Priority:3 Local variable 'lockValue' could be declared final.
[WARNING] PMD Failure: com.lemzo.ecommerce.storage.infrastructure.redis.DistributedLockService:25 Rule:UseExplicitTypes Priority:3 Use Explicit Types.
[WARNING] PMD Failure: com.lemzo.ecommerce.storage.infrastructure.redis.DistributedLockService:26 Rule:LocalVariableCouldBeFinal Priority:3 Local variable 'params' could be declared final.
[WARNING] PMD Failure: com.lemzo.ecommerce.storage.infrastructure.redis.DistributedLockService:26 Rule:UseExplicitTypes Priority:3 Use Explicit Types.
[WARNING] PMD Failure: com.lemzo.ecommerce.storage.infrastructure.redis.DistributedLockService:28 Rule:UseExplicitTypes Priority:3 Use Explicit Types.
[WARNING] PMD Failure: com.lemzo.ecommerce.storage.infrastructure.redis.DistributedLockService:29 Rule:LocalVariableCouldBeFinal Priority:3 Local variable 'result' could be declared final.
[WARNING] PMD Failure: com.lemzo.ecommerce.storage.infrastructure.redis.DistributedLockService:29 Rule:UseExplicitTypes Priority:3 Use Explicit Types.
[WARNING] PMD Failure: com.lemzo.ecommerce.storage.infrastructure.redis.DistributedLockService:31 Rule:OnlyOneReturn Priority:3 A method should have only one exit point, and that should be the last statement in the method.
[WARNING] PMD Failure: com.lemzo.ecommerce.storage.infrastructure.redis.DistributedLockService:32 Rule:LiteralsFirstInComparisons Priority:3 Position literals first in String comparisons.
[WARNING] PMD Failure: com.lemzo.ecommerce.storage.infrastructure.redis.DistributedLockService:39 Rule:MethodArgumentCouldBeFinal Priority:3 Parameter 'jedis' is not assigned and could be declared final.
[WARNING] PMD Failure: com.lemzo.ecommerce.storage.infrastructure.redis.DistributedLockService:39 Rule:MethodArgumentCouldBeFinal Priority:3 Parameter 'key' is not assigned and could be declared final.
[WARNING] PMD Failure: com.lemzo.ecommerce.storage.infrastructure.redis.DistributedLockService:39 Rule:MethodArgumentCouldBeFinal Priority:3 Parameter 'value' is not assigned and could be declared final.
[WARNING] PMD Failure: com.lemzo.ecommerce.storage.infrastructure.redis.DistributedLockService:39 Rule:MethodArgumentCouldBeFinal Priority:3 Parameter 'action' is not assigned and could be declared final.
[WARNING] PMD Failure: com.lemzo.ecommerce.storage.infrastructure.redis.JedisPoolProvider:26 Rule:MethodArgumentCouldBeFinal Priority:3 Parameter 'host' is not assigned and could be declared final.
[WARNING] PMD Failure: com.lemzo.ecommerce.storage.infrastructure.redis.JedisPoolProvider:27 Rule:MethodArgumentCouldBeFinal Priority:3 Parameter 'port' is not assigned and could be declared final.
[WARNING] PMD Failure: com.lemzo.ecommerce.storage.infrastructure.redis.JedisPoolProvider:29 Rule:LocalVariableCouldBeFinal Priority:3 Local variable 'poolConfig' could be declared final.
[WARNING] PMD Failure: com.lemzo.ecommerce.storage.infrastructure.redis.JedisPoolProvider:29 Rule:UseExplicitTypes Priority:3 Use Explicit Types.
[WARNING] PMD Failure: com.lemzo.ecommerce.storage.infrastructure.redis.RedisConfig:10 Rule:AtLeastOneConstructor Priority:3 Each class should declare at least one constructor.
[WARNING] PMD 7.17.0 has found 33 violations. For more details see: /home/lemzo/Documents/Workspace/ecommerce/storage/target/pmd.xml
[INFO] 
[INFO] -------------------------< com.lemzo:security >-------------------------
[INFO] Building security 1.0-SNAPSHOT                                    [8/16]
[INFO]   from security/pom.xml
[INFO] --------------------------------[ jar ]---------------------------------
[INFO] 
[INFO] >>> pmd:3.28.0:check (default-cli) > :pmd @ security >>>
[INFO] 
[INFO] --- pmd:3.28.0:pmd (pmd) @ security ---
[WARNING] Unable to locate Source XRef to link to -- DISABLED
[INFO] PMD version: 7.17.0
[INFO] Rendering content with org.apache.maven.skins:maven-fluido-skin:jar:2.0.0-M9 skin
[INFO] 
[INFO] <<< pmd:3.28.0:check (default-cli) < :pmd @ security <<<
[INFO] 
[INFO] 
[INFO] --- pmd:3.28.0:check (default-cli) @ security ---
[WARNING] PMD Failure: com.lemzo.ecommerce.security.api.pabc.AuthorizationService:18 Rule:AtLeastOneConstructor Priority:3 Each class should declare at least one constructor.
[WARNING] PMD Failure: com.lemzo.ecommerce.security.api.pabc.AuthorizationService:21 Rule:LongVariable Priority:3 Avoid excessively long variable names like ownershipProviders.
[WARNING] PMD Failure: com.lemzo.ecommerce.security.api.pabc.AuthorizationService:26 Rule:MethodArgumentCouldBeFinal Priority:3 Parameter 'securityContext' is not assigned and could be declared final.
[WARNING] PMD Failure: com.lemzo.ecommerce.security.api.pabc.AuthorizationService:26 Rule:MethodArgumentCouldBeFinal Priority:3 Parameter 'resource' is not assigned and could be declared final.
[WARNING] PMD Failure: com.lemzo.ecommerce.security.api.pabc.AuthorizationService:26 Rule:MethodArgumentCouldBeFinal Priority:3 Parameter 'action' is not assigned and could be declared final.
[WARNING] PMD Failure: com.lemzo.ecommerce.security.api.pabc.AuthorizationService:33 Rule:MethodArgumentCouldBeFinal Priority:3 Parameter 'securityContext' is not assigned and could be declared final.
[WARNING] PMD Failure: com.lemzo.ecommerce.security.api.pabc.AuthorizationService:33 Rule:MethodArgumentCouldBeFinal Priority:3 Parameter 'resource' is not assigned and could be declared final.
[WARNING] PMD Failure: com.lemzo.ecommerce.security.api.pabc.AuthorizationService:33 Rule:MethodArgumentCouldBeFinal Priority:3 Parameter 'action' is not assigned and could be declared final.
[WARNING] PMD Failure: com.lemzo.ecommerce.security.api.pabc.AuthorizationService:33 Rule:MethodArgumentCouldBeFinal Priority:3 Parameter 'targetId' is not assigned and could be declared final.
[WARNING] PMD Failure: com.lemzo.ecommerce.security.api.pabc.AuthorizationService:46 Rule:MethodArgumentCouldBeFinal Priority:3 Parameter 'principal' is not assigned and could be declared final.
[WARNING] PMD Failure: com.lemzo.ecommerce.security.api.pabc.AuthorizationService:46 Rule:MethodArgumentCouldBeFinal Priority:3 Parameter 'resource' is not assigned and could be declared final.
[WARNING] PMD Failure: com.lemzo.ecommerce.security.api.pabc.AuthorizationService:46 Rule:MethodArgumentCouldBeFinal Priority:3 Parameter 'action' is not assigned and could be declared final.
[WARNING] PMD Failure: com.lemzo.ecommerce.security.api.pabc.AuthorizationService:53 Rule:MethodArgumentCouldBeFinal Priority:3 Parameter 'principal' is not assigned and could be declared final.
[WARNING] PMD Failure: com.lemzo.ecommerce.security.api.pabc.AuthorizationService:53 Rule:MethodArgumentCouldBeFinal Priority:3 Parameter 'resource' is not assigned and could be declared final.
[WARNING] PMD Failure: com.lemzo.ecommerce.security.api.pabc.AuthorizationService:53 Rule:MethodArgumentCouldBeFinal Priority:3 Parameter 'action' is not assigned and could be declared final.
[WARNING] PMD Failure: com.lemzo.ecommerce.security.api.pabc.AuthorizationService:54 Rule:LongVariable Priority:3 Avoid excessively long variable names like hasDirectOrImplicit.
[WARNING] PMD Failure: com.lemzo.ecommerce.security.api.pabc.AuthorizationService:54 Rule:LocalVariableCouldBeFinal Priority:3 Local variable 'hasDirectOrImplicit' could be declared final.
[WARNING] PMD Failure: com.lemzo.ecommerce.security.api.pabc.AuthorizationService:63 Rule:MethodArgumentCouldBeFinal Priority:3 Parameter 'principal' is not assigned and could be declared final.
[WARNING] PMD Failure: com.lemzo.ecommerce.security.api.pabc.AuthorizationService:63 Rule:MethodArgumentCouldBeFinal Priority:3 Parameter 'resource' is not assigned and could be declared final.
[WARNING] PMD Failure: com.lemzo.ecommerce.security.api.pabc.AuthorizationService:63 Rule:MethodArgumentCouldBeFinal Priority:3 Parameter 'targetId' is not assigned and could be declared final.
[WARNING] PMD Failure: com.lemzo.ecommerce.security.infrastructure.hashing.PasswordService:11 Rule:AtLeastOneConstructor Priority:3 Each class should declare at least one constructor.
[WARNING] PMD Failure: com.lemzo.ecommerce.security.infrastructure.hashing.PasswordService:22 Rule:UseVarargs Priority:4 Consider using varargs for methods or constructors which take an array the last parameter..
[WARNING] PMD Failure: com.lemzo.ecommerce.security.infrastructure.hashing.PasswordService:33 Rule:UseVarargs Priority:4 Consider using varargs for methods or constructors which take an array the last parameter..
[WARNING] PMD Failure: com.lemzo.ecommerce.security.infrastructure.jwt.JwtAuthenticationFilter:32 Rule:LongVariable Priority:3 Avoid excessively long variable names like tokenRevocationService.
[WARNING] PMD Failure: com.lemzo.ecommerce.security.infrastructure.jwt.JwtAuthenticationFilter:58 Rule:LongVariable Priority:3 Avoid excessively long variable names like permissionsFromClaims.
[WARNING] PMD Failure: com.lemzo.ecommerce.security.infrastructure.jwt.TokenRevocationService:18 Rule:LongVariable Priority:3 Avoid excessively long variable names like REVOCATION_KEY_PREFIX.
[WARNING] PMD Failure: com.lemzo.ecommerce.security.infrastructure.jwt.TokenRevocationService:25 Rule:MethodArgumentCouldBeFinal Priority:3 Parameter 'jti' is not assigned and could be declared final.
[WARNING] PMD Failure: com.lemzo.ecommerce.security.infrastructure.jwt.TokenRevocationService:25 Rule:MethodArgumentCouldBeFinal Priority:3 Parameter 'ttlSeconds' is not assigned and could be declared final.
[WARNING] PMD Failure: com.lemzo.ecommerce.security.infrastructure.jwt.TokenRevocationService:26 Rule:UseExplicitTypes Priority:3 Use Explicit Types.
[WARNING] PMD Failure: com.lemzo.ecommerce.security.infrastructure.jwt.TokenRevocationService:28 Rule:GuardLogStatement Priority:2 Logger calls should be surrounded by log level guards..
[WARNING] PMD Failure: com.lemzo.ecommerce.security.infrastructure.jwt.TokenRevocationService:30 Rule:GuardLogStatement Priority:2 Logger calls should be surrounded by log level guards..
[WARNING] PMD Failure: com.lemzo.ecommerce.security.infrastructure.jwt.TokenRevocationService:37 Rule:MethodArgumentCouldBeFinal Priority:3 Parameter 'jti' is not assigned and could be declared final.
[WARNING] PMD Failure: com.lemzo.ecommerce.security.infrastructure.jwt.TokenRevocationService:39 Rule:LambdaCanBeMethodReference Priority:3 Lambda expression could be written as a method reference: `this::checkInRedis`.
[WARNING] PMD Failure: com.lemzo.ecommerce.security.infrastructure.jwt.TokenRevocationService:43 Rule:MethodArgumentCouldBeFinal Priority:3 Parameter 'jti' is not assigned and could be declared final.
[WARNING] PMD Failure: com.lemzo.ecommerce.security.infrastructure.jwt.TokenRevocationService:44 Rule:UseExplicitTypes Priority:3 Use Explicit Types.
[WARNING] PMD Failure: com.lemzo.ecommerce.security.infrastructure.jwt.TokenRevocationService:45 Rule:OnlyOneReturn Priority:3 A method should have only one exit point, and that should be the last statement in the method.
[WARNING] PMD Failure: com.lemzo.ecommerce.security.infrastructure.jwt.TokenRevocationService:47 Rule:GuardLogStatement Priority:2 Logger calls should be surrounded by log level guards..
[WARNING] PMD Failure: com.lemzo.ecommerce.security.infrastructure.pabc.SecurityInterceptor:35 Rule:LongVariable Priority:3 Avoid excessively long variable names like authorizationService.
[WARNING] PMD Failure: com.lemzo.ecommerce.security.infrastructure.pabc.SecurityInterceptor:42 Rule:UseExplicitTypes Priority:3 Use Explicit Types.
[WARNING] PMD Failure: com.lemzo.ecommerce.security.infrastructure.pabc.SecurityInterceptor:46 Rule:OnlyOneReturn Priority:3 A method should have only one exit point, and that should be the last statement in the method.
[WARNING] PMD Failure: com.lemzo.ecommerce.security.infrastructure.pabc.SecurityInterceptor:49 Rule:UseExplicitTypes Priority:3 Use Explicit Types.
[WARNING] PMD Failure: com.lemzo.ecommerce.security.infrastructure.pabc.SecurityInterceptor:50 Rule:UseExplicitTypes Priority:3 Use Explicit Types.
[WARNING] PMD Failure: com.lemzo.ecommerce.security.infrastructure.pabc.SecurityInterceptor:52 Rule:UseExplicitTypes Priority:3 Use Explicit Types.
[WARNING] PMD Failure: com.lemzo.ecommerce.security.infrastructure.pabc.SecurityInterceptor:56 Rule:UseExplicitTypes Priority:3 Use Explicit Types.
[WARNING] PMD Failure: com.lemzo.ecommerce.security.infrastructure.pabc.SecurityInterceptor:68 Rule:UseExplicitTypes Priority:3 Use Explicit Types.
[WARNING] PMD Failure: com.lemzo.ecommerce.security.infrastructure.pabc.SecurityInterceptor:69 Rule:UseExplicitTypes Priority:3 Use Explicit Types.
[WARNING] PMD Failure: com.lemzo.ecommerce.security.infrastructure.ratelimit.RateLimitFilter:17 Rule:AtLeastOneConstructor Priority:3 Each class should declare at least one constructor.
[WARNING] PMD Failure: com.lemzo.ecommerce.security.infrastructure.ratelimit.RateLimitFilter:23 Rule:MethodArgumentCouldBeFinal Priority:3 Parameter 'requestContext' is not assigned and could be declared final.
[WARNING] PMD Failure: com.lemzo.ecommerce.security.infrastructure.ratelimit.RateLimitFilter:25 Rule:ShortVariable Priority:3 Avoid variables with short names like ip.
[WARNING] PMD Failure: com.lemzo.ecommerce.security.infrastructure.ratelimit.RateLimitService:7 Rule:UnnecessaryImport Priority:4 Unused import 'lombok.extern.slf4j.Slf4j'.
[WARNING] PMD Failure: com.lemzo.ecommerce.security.infrastructure.ratelimit.RateLimitService:9 Rule:UnnecessaryImport Priority:4 Unused import 'java.util.Optional'.
[WARNING] PMD Failure: com.lemzo.ecommerce.security.infrastructure.ratelimit.RateLimitService:24 Rule:MethodArgumentCouldBeFinal Priority:3 Parameter 'key' is not assigned and could be declared final.
[WARNING] PMD Failure: com.lemzo.ecommerce.security.infrastructure.ratelimit.RateLimitService:24 Rule:MethodArgumentCouldBeFinal Priority:3 Parameter 'maxRequests' is not assigned and could be declared final.
[WARNING] PMD Failure: com.lemzo.ecommerce.security.infrastructure.ratelimit.RateLimitService:25 Rule:LocalVariableCouldBeFinal Priority:3 Local variable 'currentWindow' could be declared final.
[WARNING] PMD Failure: com.lemzo.ecommerce.security.infrastructure.ratelimit.RateLimitService:25 Rule:UseExplicitTypes Priority:3 Use Explicit Types.
[WARNING] PMD Failure: com.lemzo.ecommerce.security.infrastructure.ratelimit.RateLimitService:26 Rule:LocalVariableCouldBeFinal Priority:3 Local variable 'redisKey' could be declared final.
[WARNING] PMD Failure: com.lemzo.ecommerce.security.infrastructure.ratelimit.RateLimitService:26 Rule:UseExplicitTypes Priority:3 Use Explicit Types.
[WARNING] PMD Failure: com.lemzo.ecommerce.security.infrastructure.ratelimit.RateLimitService:28 Rule:UseExplicitTypes Priority:3 Use Explicit Types.
[WARNING] PMD Failure: com.lemzo.ecommerce.security.infrastructure.ratelimit.RateLimitService:29 Rule:LocalVariableCouldBeFinal Priority:3 Local variable 'count' could be declared final.
[WARNING] PMD Failure: com.lemzo.ecommerce.security.infrastructure.ratelimit.RateLimitService:29 Rule:UseExplicitTypes Priority:3 Use Explicit Types.
[WARNING] PMD Failure: com.lemzo.ecommerce.security.infrastructure.ratelimit.RateLimitService:33 Rule:OnlyOneReturn Priority:3 A method should have only one exit point, and that should be the last statement in the method.
[WARNING] PMD Failure: com.lemzo.ecommerce.security.infrastructure.ratelimit.RateLimitService:35 Rule:GuardLogStatement Priority:2 Logger calls should be surrounded by log level guards..
[WARNING] PMD 7.17.0 has found 62 violations. For more details see: /home/lemzo/Documents/Workspace/ecommerce/security/target/pmd.xml
[INFO] 
[INFO] 
[INFO] ---------------------------< com.lemzo:iam >----------------------------
[INFO] ----------------------< com.lemzo:domain-catalog >----------------------
[INFO] Building iam 1.0-SNAPSHOT                                         [9/16]
[INFO] Building domain-catalog 1.0-SNAPSHOT                             [10/16]
[INFO]   from iam/pom.xml
[INFO] --------------------------------[ jar ]---------------------------------
[INFO]   from domain/domain-catalog/pom.xml
[INFO] --------------------------------[ jar ]---------------------------------
[INFO] 
[INFO] >>> pmd:3.28.0:check (default-cli) > :pmd @ iam >>>
[INFO] 
[INFO] >>> pmd:3.28.0:check (default-cli) > :pmd @ domain-catalog >>>
[INFO] 
[INFO] --- pmd:3.28.0:pmd (pmd) @ iam ---
[WARNING] Unable to locate Source XRef to link to -- DISABLED
[INFO] 
[INFO] --- pmd:3.28.0:pmd (pmd) @ domain-catalog ---
[INFO] PMD version: 7.17.0
[WARNING] Unable to locate Source XRef to link to -- DISABLED
[INFO] PMD version: 7.17.0
[INFO] Rendering content with org.apache.maven.skins:maven-fluido-skin:jar:2.0.0-M9 skin
[INFO] Rendering content with org.apache.maven.skins:maven-fluido-skin:jar:2.0.0-M9 skin
[INFO] 
[INFO] <<< pmd:3.28.0:check (default-cli) < :pmd @ domain-catalog <<<
[INFO] 
[INFO] 
[INFO] --- pmd:3.28.0:check (default-cli) @ domain-catalog ---
[WARNING] PMD Failure: com.lemzo.ecommerce.domain.catalog.api.CategoryResource:46 Rule:UseExplicitTypes Priority:3 Use Explicit Types.
[WARNING] PMD Failure: com.lemzo.ecommerce.domain.catalog.api.CategoryResource:57 Rule:UseExplicitTypes Priority:3 Use Explicit Types.
[WARNING] PMD Failure: com.lemzo.ecommerce.domain.catalog.api.CategoryResource:67 Rule:ShortVariable Priority:3 Avoid variables with short names like id.
[WARNING] PMD Failure: com.lemzo.ecommerce.domain.catalog.api.ProductResource:9 Rule:UnnecessaryImport Priority:4 Unused import 'com.lemzo.ecommerce.core.api.exception.ResourceNotFoundException'.
[WARNING] PMD Failure: com.lemzo.ecommerce.domain.catalog.api.dto.CategoryResponse:10 Rule:ShortVariable Priority:3 Avoid variables with short names like id.
[WARNING] PMD Failure: com.lemzo.ecommerce.domain.catalog.api.dto.ProductResponse:12 Rule:ShortVariable Priority:3 Avoid variables with short names like id.
[WARNING] PMD Failure: com.lemzo.ecommerce.domain.catalog.api.dto.ProductResponse:44 Rule:UnnecessaryCast Priority:3 Unnecessary cast (long).
[WARNING] PMD Failure: com.lemzo.ecommerce.domain.catalog.domain.Category:42 Rule:CallSuperInConstructor Priority:3 It is a good practice to call super() in a constructor.
[WARNING] PMD Failure: com.lemzo.ecommerce.domain.catalog.domain.Category:42 Rule:MethodArgumentCouldBeFinal Priority:3 Parameter 'name' is not assigned and could be declared final.
[WARNING] PMD Failure: com.lemzo.ecommerce.domain.catalog.domain.Category:42 Rule:MethodArgumentCouldBeFinal Priority:3 Parameter 'slug' is not assigned and could be declared final.
[WARNING] PMD Failure: com.lemzo.ecommerce.domain.catalog.domain.Category:42 Rule:MethodArgumentCouldBeFinal Priority:3 Parameter 'description' is not assigned and could be declared final.
[WARNING] PMD Failure: com.lemzo.ecommerce.domain.catalog.domain.Product:62 Rule:RedundantFieldInitializer Priority:3 Avoid using redundant field initializer for 'viewCount'.
[WARNING] PMD Failure: com.lemzo.ecommerce.domain.catalog.domain.Product:71 Rule:UnnecessaryFullyQualifiedName Priority:4 Unnecessary qualifier 'com.lemzo.ecommerce.core.entity.converter': 'JsonbConverter' is already in scope because it is imported in this file.
[WARNING] PMD Failure: com.lemzo.ecommerce.domain.catalog.domain.Product:89 Rule:CallSuperInConstructor Priority:3 It is a good practice to call super() in a constructor.
[WARNING] PMD Failure: com.lemzo.ecommerce.domain.catalog.domain.Product:89 Rule:MethodArgumentCouldBeFinal Priority:3 Parameter 'name' is not assigned and could be declared final.
[WARNING] PMD Failure: com.lemzo.ecommerce.domain.catalog.domain.Product:89 Rule:MethodArgumentCouldBeFinal Priority:3 Parameter 'slug' is not assigned and could be declared final.
[WARNING] PMD Failure: com.lemzo.ecommerce.domain.catalog.domain.Product:89 Rule:MethodArgumentCouldBeFinal Priority:3 Parameter 'sku' is not assigned and could be declared final.
[WARNING] PMD Failure: com.lemzo.ecommerce.domain.catalog.domain.Product:89 Rule:MethodArgumentCouldBeFinal Priority:3 Parameter 'price' is not assigned and could be declared final.
[WARNING] PMD Failure: com.lemzo.ecommerce.domain.catalog.domain.Product:89 Rule:MethodArgumentCouldBeFinal Priority:3 Parameter 'category' is not assigned and could be declared final.
[WARNING] PMD Failure: com.lemzo.ecommerce.domain.catalog.infrastructure.security.ProductOwnershipProvider:30 Rule:LambdaCanBeMethodReference Priority:3 Lambda expression could be written as a method reference: `AbstractEntity::getId`.
[WARNING] PMD Failure: com.lemzo.ecommerce.domain.catalog.repository.CategoryRepository:22 Rule:ShortVariable Priority:3 Avoid variables with short names like id.
[WARNING] PMD Failure: com.lemzo.ecommerce.domain.catalog.service.CatalogService:3 Rule:UnnecessaryImport Priority:4 Unused import 'com.lemzo.ecommerce.core.api.exception.BusinessRuleException'.
[WARNING] PMD Failure: com.lemzo.ecommerce.domain.catalog.service.CatalogService:33 Rule:LongVariable Priority:3 Avoid excessively long variable names like categoryRepository.
[WARNING] PMD Failure: com.lemzo.ecommerce.domain.catalog.service.CatalogService:42 Rule:UseExplicitTypes Priority:3 Use Explicit Types.
[WARNING] PMD Failure: com.lemzo.ecommerce.domain.catalog.service.CatalogService:45 Rule:UseExplicitTypes Priority:3 Use Explicit Types.
[WARNING] PMD Failure: com.lemzo.ecommerce.domain.catalog.service.CatalogService:56 Rule:ShortVariable Priority:3 Avoid variables with short names like id.
[WARNING] PMD Failure: com.lemzo.ecommerce.domain.catalog.service.CatalogService:61 Rule:UseExplicitTypes Priority:3 Use Explicit Types.
[WARNING] PMD Failure: com.lemzo.ecommerce.domain.catalog.service.CatalogService:76 Rule:UseExplicitTypes Priority:3 Use Explicit Types.
[WARNING] PMD Failure: com.lemzo.ecommerce.domain.catalog.service.CatalogService:101 Rule:ShortVariable Priority:3 Avoid variables with short names like id.
[WARNING] PMD Failure: com.lemzo.ecommerce.domain.catalog.service.CatalogService:134 Rule:UseExplicitTypes Priority:3 Use Explicit Types.
[WARNING] PMD Failure: com.lemzo.ecommerce.domain.catalog.service.CatalogService:143 Rule:ShortVariable Priority:3 Avoid variables with short names like id.
[WARNING] PMD 7.17.0 has found 31 violations. For more details see: /home/lemzo/Documents/Workspace/ecommerce/domain/domain-catalog/target/pmd.xml
[INFO] 
[INFO] 
[INFO] ---------------------< com.lemzo:domain-inventory >---------------------
[INFO] ---------------------< com.lemzo:domain-marketing >---------------------
[INFO] Building domain-inventory 1.0-SNAPSHOT                           [11/16]
[INFO] Building domain-marketing 1.0-SNAPSHOT                           [12/16]
[INFO]   from domain/domain-inventory/pom.xml
[INFO]   from domain/domain-marketing/pom.xml
[INFO] --------------------------------[ jar ]---------------------------------
[INFO] --------------------------------[ jar ]---------------------------------
[INFO] 
[INFO] 
[INFO] >>> pmd:3.28.0:check (default-cli) > :pmd @ domain-inventory >>>
[INFO] >>> pmd:3.28.0:check (default-cli) > :pmd @ domain-marketing >>>
[INFO] 
[INFO] 
[INFO] --- pmd:3.28.0:pmd (pmd) @ domain-marketing ---
[INFO] --- pmd:3.28.0:pmd (pmd) @ domain-inventory ---
[WARNING] Unable to locate Source XRef to link to -- DISABLED
[WARNING] Unable to locate Source XRef to link to -- DISABLED
[INFO] PMD version: 7.17.0
[INFO] PMD version: 7.17.0
[INFO] 
[INFO] <<< pmd:3.28.0:check (default-cli) < :pmd @ iam <<<
[INFO] 
[INFO] 
[INFO] --- pmd:3.28.0:check (default-cli) @ iam ---
[WARNING] PMD Failure: com.lemzo.ecommerce.iam.api.AuthResource:3 Rule:UnnecessaryImport Priority:4 Unused import 'com.lemzo.ecommerce.core.api.dto.Link'.
[WARNING] PMD Failure: com.lemzo.ecommerce.iam.api.AuthResource:5 Rule:UnnecessaryImport Priority:4 Unused import 'com.lemzo.ecommerce.iam.api.dto.AuthResponse'.
[WARNING] PMD Failure: com.lemzo.ecommerce.iam.api.AuthResource:41 Rule:LongVariable Priority:3 Avoid excessively long variable names like tokenRevocationService.
[WARNING] PMD Failure: com.lemzo.ecommerce.iam.api.AuthResource:53 Rule:UseExplicitTypes Priority:3 Use Explicit Types.
[WARNING] PMD Failure: com.lemzo.ecommerce.iam.api.AuthResource:54 Rule:UseExplicitTypes Priority:3 Use Explicit Types.
[WARNING] PMD Failure: com.lemzo.ecommerce.iam.api.AuthResource:65 Rule:UseExplicitTypes Priority:3 Use Explicit Types.
[WARNING] PMD Failure: com.lemzo.ecommerce.iam.api.AuthResource:82 Rule:UseExplicitTypes Priority:3 Use Explicit Types.
[WARNING] PMD Failure: com.lemzo.ecommerce.iam.api.RoleResource:39 Rule:LongVariable Priority:3 Avoid excessively long variable names like roleManagementService.
[WARNING] PMD Failure: com.lemzo.ecommerce.iam.api.RoleResource:50 Rule:UseExplicitTypes Priority:3 Use Explicit Types.
[WARNING] PMD Failure: com.lemzo.ecommerce.iam.api.RoleResource:60 Rule:UseExplicitTypes Priority:3 Use Explicit Types.
[WARNING] PMD Failure: com.lemzo.ecommerce.iam.api.RoleResource:71 Rule:UseExplicitTypes Priority:3 Use Explicit Types.
[WARNING] PMD Failure: com.lemzo.ecommerce.iam.api.RoleResource:72 Rule:UseExplicitTypes Priority:3 Use Explicit Types.
[WARNING] PMD Failure: com.lemzo.ecommerce.iam.api.StoreResource:58 Rule:UseExplicitTypes Priority:3 Use Explicit Types.
[WARNING] PMD Failure: com.lemzo.ecommerce.iam.api.StoreResource:59 Rule:UseExplicitTypes Priority:3 Use Explicit Types.
[WARNING] PMD Failure: com.lemzo.ecommerce.iam.api.StoreResource:62 Rule:UseExplicitTypes Priority:3 Use Explicit Types.
[WARNING] PMD Failure: com.lemzo.ecommerce.iam.api.StoreResource:73 Rule:ShortVariable Priority:3 Avoid variables with short names like id.
[WARNING] PMD Failure: com.lemzo.ecommerce.iam.api.StoreResource:85 Rule:ShortVariable Priority:3 Avoid variables with short names like id.
[WARNING] PMD Failure: com.lemzo.ecommerce.iam.api.StoreResource:90 Rule:UseExplicitTypes Priority:3 Use Explicit Types.
[WARNING] PMD Failure: com.lemzo.ecommerce.iam.api.UserResource:11 Rule:UnnecessaryImport Priority:4 Unused import 'com.lemzo.ecommerce.core.domain.Address'.
[WARNING] PMD Failure: com.lemzo.ecommerce.iam.api.UserResource:26 Rule:UnnecessaryImport Priority:4 Unused import 'org.eclipse.microprofile.openapi.annotations.responses.APIResponse'.
[WARNING] PMD Failure: com.lemzo.ecommerce.iam.api.UserResource:59 Rule:UseExplicitTypes Priority:3 Use Explicit Types.
[WARNING] PMD Failure: com.lemzo.ecommerce.iam.api.UserResource:70 Rule:UseExplicitTypes Priority:3 Use Explicit Types.
[WARNING] PMD Failure: com.lemzo.ecommerce.iam.api.UserResource:71 Rule:UseExplicitTypes Priority:3 Use Explicit Types.
[WARNING] PMD Failure: com.lemzo.ecommerce.iam.api.UserResource:79 Rule:UseExplicitTypes Priority:3 Use Explicit Types.
[WARNING] PMD Failure: com.lemzo.ecommerce.iam.api.UserResource:80 Rule:UseExplicitTypes Priority:3 Use Explicit Types.
[WARNING] PMD Failure: com.lemzo.ecommerce.iam.api.UserResource:88 Rule:UseExplicitTypes Priority:3 Use Explicit Types.
[WARNING] PMD Failure: com.lemzo.ecommerce.iam.api.UserResource:89 Rule:UseExplicitTypes Priority:3 Use Explicit Types.
[WARNING] PMD Failure: com.lemzo.ecommerce.iam.api.UserResource:97 Rule:UseExplicitTypes Priority:3 Use Explicit Types.
[WARNING] PMD Failure: com.lemzo.ecommerce.iam.api.UserResource:98 Rule:UseExplicitTypes Priority:3 Use Explicit Types.
[WARNING] PMD Failure: com.lemzo.ecommerce.iam.api.UserResource:106 Rule:UseExplicitTypes Priority:3 Use Explicit Types.
[WARNING] PMD Failure: com.lemzo.ecommerce.iam.api.UserResource:107 Rule:UseExplicitTypes Priority:3 Use Explicit Types.
[WARNING] PMD Failure: com.lemzo.ecommerce.iam.api.UserResource:116 Rule:ShortVariable Priority:3 Avoid variables with short names like id.
[WARNING] PMD Failure: com.lemzo.ecommerce.iam.api.UserResource:120 Rule:UseExplicitTypes Priority:3 Use Explicit Types.
[WARNING] PMD Failure: com.lemzo.ecommerce.iam.api.UserResource:122 Rule:UseExplicitTypes Priority:3 Use Explicit Types.
[WARNING] PMD Failure: com.lemzo.ecommerce.iam.api.UserResource:123 Rule:UseExplicitTypes Priority:3 Use Explicit Types.
[WARNING] PMD Failure: com.lemzo.ecommerce.iam.api.dto.PermissionResponse:10 Rule:ShortVariable Priority:3 Avoid variables with short names like id.
[WARNING] PMD Failure: com.lemzo.ecommerce.iam.api.dto.RoleResponse:12 Rule:ShortVariable Priority:3 Avoid variables with short names like id.
[WARNING] PMD Failure: com.lemzo.ecommerce.iam.api.dto.RoleResponse:23 Rule:LambdaCanBeMethodReference Priority:3 Lambda expression could be written as a method reference: `Permission::getSlug`.
[WARNING] PMD Failure: com.lemzo.ecommerce.iam.api.dto.StoreResponse:10 Rule:ShortVariable Priority:3 Avoid variables with short names like id.
[WARNING] PMD Failure: com.lemzo.ecommerce.iam.api.dto.UserResponse:15 Rule:ShortVariable Priority:3 Avoid variables with short names like id.
[WARNING] PMD Failure: com.lemzo.ecommerce.iam.api.dto.UserResponse:31 Rule:LambdaCanBeMethodReference Priority:3 Lambda expression could be written as a method reference: `Role::getName`.
[WARNING] PMD Failure: com.lemzo.ecommerce.iam.domain.Role:20 Rule:ShortClassName Priority:4 Avoid short class names like Role.
[WARNING] PMD Failure: com.lemzo.ecommerce.iam.domain.Role:28 Rule:RedundantFieldInitializer Priority:3 Avoid using redundant field initializer for 'systemRole'.
[WARNING] PMD Failure: com.lemzo.ecommerce.iam.domain.User:26 Rule:ShortClassName Priority:4 Avoid short class names like User.
[WARNING] PMD Failure: com.lemzo.ecommerce.iam.domain.UserFactory:9 Rule:LocalVariableCouldBeFinal Priority:3 Local variable 'user' could be declared final.
[WARNING] PMD Failure: com.lemzo.ecommerce.iam.domain.UserFactory:14 Rule:MethodArgumentCouldBeFinal Priority:3 Parameter 'username' is not assigned and could be declared final.
[WARNING] PMD Failure: com.lemzo.ecommerce.iam.domain.UserFactory:15 Rule:LocalVariableCouldBeFinal Priority:3 Local variable 'user' could be declared final.
[WARNING] PMD Failure: com.lemzo.ecommerce.iam.infrastructure.seeding.IamSeeder:8 Rule:UnnecessaryImport Priority:4 Unused import 'com.lemzo.ecommerce.iam.domain.User'.
[WARNING] PMD Failure: com.lemzo.ecommerce.iam.infrastructure.seeding.IamSeeder:31 Rule:LongVariable Priority:3 Avoid excessively long variable names like permissionRepository.
[WARNING] PMD Failure: com.lemzo.ecommerce.iam.infrastructure.seeding.IamSeeder:38 Rule:UseExplicitTypes Priority:3 Use Explicit Types.
[WARNING] PMD Failure: com.lemzo.ecommerce.iam.infrastructure.seeding.IamSeeder:39 Rule:UseExplicitTypes Priority:3 Use Explicit Types.
[WARNING] PMD Failure: com.lemzo.ecommerce.iam.infrastructure.seeding.IamSeeder:40 Rule:UseExplicitTypes Priority:3 Use Explicit Types.
[WARNING] PMD Failure: com.lemzo.ecommerce.iam.infrastructure.seeding.IamSeeder:41 Rule:UseExplicitTypes Priority:3 Use Explicit Types.
[WARNING] PMD Failure: com.lemzo.ecommerce.iam.infrastructure.seeding.IamSeeder:42 Rule:UseExplicitTypes Priority:3 Use Explicit Types.
[WARNING] PMD Failure: com.lemzo.ecommerce.iam.infrastructure.seeding.IamSeeder:43 Rule:UseExplicitTypes Priority:3 Use Explicit Types.
[WARNING] PMD Failure: com.lemzo.ecommerce.iam.infrastructure.seeding.IamSeeder:44 Rule:UseExplicitTypes Priority:3 Use Explicit Types.
[WARNING] PMD Failure: com.lemzo.ecommerce.iam.infrastructure.seeding.IamSeeder:45 Rule:UseExplicitTypes Priority:3 Use Explicit Types.
[WARNING] PMD Failure: com.lemzo.ecommerce.iam.infrastructure.seeding.IamSeeder:46 Rule:UseExplicitTypes Priority:3 Use Explicit Types.
[WARNING] PMD Failure: com.lemzo.ecommerce.iam.infrastructure.seeding.IamSeeder:47 Rule:UseExplicitTypes Priority:3 Use Explicit Types.
[WARNING] PMD Failure: com.lemzo.ecommerce.iam.infrastructure.seeding.IamSeeder:48 Rule:UseExplicitTypes Priority:3 Use Explicit Types.
[WARNING] PMD Failure: com.lemzo.ecommerce.iam.infrastructure.seeding.IamSeeder:49 Rule:UseExplicitTypes Priority:3 Use Explicit Types.
[WARNING] PMD Failure: com.lemzo.ecommerce.iam.infrastructure.seeding.IamSeeder:52 Rule:UseExplicitTypes Priority:3 Use Explicit Types.
[WARNING] PMD Failure: com.lemzo.ecommerce.iam.infrastructure.seeding.IamSeeder:57 Rule:UseExplicitTypes Priority:3 Use Explicit Types.
[WARNING] PMD Failure: com.lemzo.ecommerce.iam.infrastructure.seeding.IamSeeder:62 Rule:UseExplicitTypes Priority:3 Use Explicit Types.
[WARNING] PMD Failure: com.lemzo.ecommerce.iam.infrastructure.seeding.IamSeeder:81 Rule:UseExplicitTypes Priority:3 Use Explicit Types.
[WARNING] PMD Failure: com.lemzo.ecommerce.iam.repository.PermissionRepository:20 Rule:ShortVariable Priority:3 Avoid variables with short names like id.
[WARNING] PMD Failure: com.lemzo.ecommerce.iam.repository.RoleRepository:23 Rule:ShortVariable Priority:3 Avoid variables with short names like id.
[WARNING] PMD Failure: com.lemzo.ecommerce.iam.service.AuthenticationService:6 Rule:UnnecessaryImport Priority:4 Unused import 'com.lemzo.ecommerce.iam.domain.Role'.
[WARNING] PMD Failure: com.lemzo.ecommerce.iam.service.AuthenticationService:15 Rule:UnnecessaryImport Priority:4 Unused import 'java.util.Optional'.
[WARNING] PMD Failure: com.lemzo.ecommerce.iam.service.AuthenticationService:16 Rule:UnnecessaryImport Priority:4 Unused import 'java.util.Set'.
[WARNING] PMD Failure: com.lemzo.ecommerce.iam.service.AuthenticationService:33 Rule:UseExplicitTypes Priority:3 Use Explicit Types.
[WARNING] PMD Failure: com.lemzo.ecommerce.iam.service.AuthenticationService:42 Rule:UseExplicitTypes Priority:3 Use Explicit Types.
[WARNING] PMD Failure: com.lemzo.ecommerce.iam.service.AuthenticationService:50 Rule:UseExplicitTypes Priority:3 Use Explicit Types.
[WARNING] PMD Failure: com.lemzo.ecommerce.iam.service.AuthenticationService:51 Rule:UseExplicitTypes Priority:3 Use Explicit Types.
[WARNING] PMD Failure: com.lemzo.ecommerce.iam.service.RoleManagementService:32 Rule:LongVariable Priority:3 Avoid excessively long variable names like permissionRepository.
[WARNING] PMD Failure: com.lemzo.ecommerce.iam.service.StoreService:33 Rule:UseExplicitTypes Priority:3 Use Explicit Types.
[WARNING] PMD Failure: com.lemzo.ecommerce.iam.service.StoreService:37 Rule:ShortVariable Priority:3 Avoid variables with short names like id.
[WARNING] PMD 7.17.0 has found 77 violations. For more details see: /home/lemzo/Documents/Workspace/ecommerce/iam/target/pmd.xml
[INFO] Rendering content with org.apache.maven.skins:maven-fluido-skin:jar:2.0.0-M9 skin
[INFO] 
[INFO] <<< pmd:3.28.0:check (default-cli) < :pmd @ domain-marketing <<<
[INFO] 
[INFO] 
[INFO] --- pmd:3.28.0:check (default-cli) @ domain-marketing ---
[WARNING] PMD Failure: com.lemzo.ecommerce.domain.marketing.api.CouponResource:45 Rule:UseExplicitTypes Priority:3 Use Explicit Types.
[WARNING] PMD Failure: com.lemzo.ecommerce.domain.marketing.api.CouponResource:46 Rule:UseExplicitTypes Priority:3 Use Explicit Types.
[WARNING] PMD Failure: com.lemzo.ecommerce.domain.marketing.api.dto.CouponResponse:12 Rule:ShortVariable Priority:3 Avoid variables with short names like id.
[WARNING] PMD Failure: com.lemzo.ecommerce.domain.marketing.api.dto.CouponResponse:23 Rule:UseExplicitTypes Priority:3 Use Explicit Types.
[WARNING] PMD Failure: com.lemzo.ecommerce.domain.marketing.api.dto.CouponResponse:24 Rule:UseExplicitTypes Priority:3 Use Explicit Types.
[WARNING] PMD Failure: com.lemzo.ecommerce.domain.marketing.domain.Coupon:38 Rule:RedundantFieldInitializer Priority:3 Avoid using redundant field initializer for 'usageCount'.
[WARNING] PMD Failure: com.lemzo.ecommerce.domain.marketing.domain.Coupon:57 Rule:UseExplicitTypes Priority:3 Use Explicit Types.
[WARNING] PMD Failure: com.lemzo.ecommerce.domain.marketing.domain.ProductPromotion:13 Rule:UnnecessaryImport Priority:4 Unused import 'java.util.Optional'.
[WARNING] PMD Failure: com.lemzo.ecommerce.domain.marketing.domain.ProductPromotion:48 Rule:UseExplicitTypes Priority:3 Use Explicit Types.
[WARNING] PMD Failure: com.lemzo.ecommerce.domain.marketing.repository.ProductPromotionRepository:18 Rule:ShortVariable Priority:3 Avoid variables with short names like id.
[WARNING] PMD Failure: com.lemzo.ecommerce.domain.marketing.service.MarketingService:27 Rule:LongVariable Priority:3 Avoid excessively long variable names like promotionRepository.
[WARNING] PMD Failure: com.lemzo.ecommerce.domain.marketing.service.MarketingService:36 Rule:UseExplicitTypes Priority:3 Use Explicit Types.
[WARNING] PMD Failure: com.lemzo.ecommerce.domain.marketing.service.MarketingService:47 Rule:OnlyOneReturn Priority:3 A method should have only one exit point, and that should be the last statement in the method.
[WARNING] PMD 7.17.0 has found 13 violations. For more details see: /home/lemzo/Documents/Workspace/ecommerce/domain/domain-marketing/target/pmd.xml
[INFO] Rendering content with org.apache.maven.skins:maven-fluido-skin:jar:2.0.0-M9 skin
[INFO] 
[INFO] <<< pmd:3.28.0:check (default-cli) < :pmd @ domain-inventory <<<
[INFO] 
[INFO] 
[INFO] --- pmd:3.28.0:check (default-cli) @ domain-inventory ---
[WARNING] PMD Failure: com.lemzo.ecommerce.domain.inventory.api.InventoryResource:58 Rule:UseExplicitTypes Priority:3 Use Explicit Types.
[WARNING] PMD Failure: com.lemzo.ecommerce.domain.inventory.api.InventoryResource:69 Rule:UseExplicitTypes Priority:3 Use Explicit Types.
[WARNING] PMD Failure: com.lemzo.ecommerce.domain.inventory.domain.Stock:27 Rule:RedundantFieldInitializer Priority:3 Avoid using redundant field initializer for 'quantity'.
[WARNING] PMD Failure: com.lemzo.ecommerce.domain.inventory.domain.Stock:27 Rule:UnusedAssignment Priority:3 The field initializer for 'quantity' is never used (overwritten on line 35).
[WARNING] PMD Failure: com.lemzo.ecommerce.domain.inventory.service.InventoryService:36 Rule:UseExplicitTypes Priority:3 Use Explicit Types.
[WARNING] PMD Failure: com.lemzo.ecommerce.domain.inventory.service.InventoryService:61 Rule:LinguisticNaming Priority:3 Linguistics Antipattern - The setter 'setStock' should not return any type except void linguistically.
[WARNING] PMD Failure: com.lemzo.ecommerce.domain.inventory.service.InventoryService:62 Rule:UseExplicitTypes Priority:3 Use Explicit Types.
[WARNING] PMD 7.17.0 has found 7 violations. For more details see: /home/lemzo/Documents/Workspace/ecommerce/domain/domain-inventory/target/pmd.xml
[INFO] 
[INFO] -----------------------< com.lemzo:domain-sales >-----------------------
[INFO] Building domain-sales 1.0-SNAPSHOT                               [13/16]
[INFO]   from domain/domain-sales/pom.xml
[INFO] --------------------------------[ jar ]---------------------------------
[INFO] 
[INFO] >>> pmd:3.28.0:check (default-cli) > :pmd @ domain-sales >>>
[INFO] 
[INFO] --- pmd:3.28.0:pmd (pmd) @ domain-sales ---
[WARNING] Unable to locate Source XRef to link to -- DISABLED
[INFO] PMD version: 7.17.0
[INFO] Rendering content with org.apache.maven.skins:maven-fluido-skin:jar:2.0.0-M9 skin
[INFO] 
[INFO] <<< pmd:3.28.0:check (default-cli) < :pmd @ domain-sales <<<
[INFO] 
[INFO] 
[INFO] --- pmd:3.28.0:check (default-cli) @ domain-sales ---
[WARNING] PMD Failure: com.lemzo.ecommerce.domain.sales.api.CartResource:43 Rule:UseExplicitTypes Priority:3 Use Explicit Types.
[WARNING] PMD Failure: com.lemzo.ecommerce.domain.sales.api.CartResource:44 Rule:UseExplicitTypes Priority:3 Use Explicit Types.
[WARNING] PMD Failure: com.lemzo.ecommerce.domain.sales.api.CartResource:53 Rule:UseExplicitTypes Priority:3 Use Explicit Types.
[WARNING] PMD Failure: com.lemzo.ecommerce.domain.sales.api.CartResource:54 Rule:UseExplicitTypes Priority:3 Use Explicit Types.
[WARNING] PMD Failure: com.lemzo.ecommerce.domain.sales.api.CartResource:62 Rule:UseExplicitTypes Priority:3 Use Explicit Types.
[WARNING] PMD Failure: com.lemzo.ecommerce.domain.sales.api.CartResource:63 Rule:UseExplicitTypes Priority:3 Use Explicit Types.
[WARNING] PMD Failure: com.lemzo.ecommerce.domain.sales.api.CartResource:70 Rule:UseExplicitTypes Priority:3 Use Explicit Types.
[WARNING] PMD Failure: com.lemzo.ecommerce.domain.sales.api.OrderResource:26 Rule:UnnecessaryImport Priority:4 Unused import 'java.util.List'.
[WARNING] PMD Failure: com.lemzo.ecommerce.domain.sales.api.OrderResource:56 Rule:UseExplicitTypes Priority:3 Use Explicit Types.
[WARNING] PMD Failure: com.lemzo.ecommerce.domain.sales.api.OrderResource:57 Rule:UseExplicitTypes Priority:3 Use Explicit Types.
[WARNING] PMD Failure: com.lemzo.ecommerce.domain.sales.api.OrderResource:59 Rule:UseExplicitTypes Priority:3 Use Explicit Types.
[WARNING] PMD Failure: com.lemzo.ecommerce.domain.sales.api.OrderResource:63 Rule:UseExplicitTypes Priority:3 Use Explicit Types.
[WARNING] PMD Failure: com.lemzo.ecommerce.domain.sales.api.OrderResource:71 Rule:UseExplicitTypes Priority:3 Use Explicit Types.
[WARNING] PMD Failure: com.lemzo.ecommerce.domain.sales.api.OrderResource:72 Rule:UseExplicitTypes Priority:3 Use Explicit Types.
[WARNING] PMD Failure: com.lemzo.ecommerce.domain.sales.api.OrderResource:75 Rule:UseExplicitTypes Priority:3 Use Explicit Types.
[WARNING] PMD Failure: com.lemzo.ecommerce.domain.sales.api.OrderResource:77 Rule:UseExplicitTypes Priority:3 Use Explicit Types.
[WARNING] PMD Failure: com.lemzo.ecommerce.domain.sales.api.OrderResource:102 Rule:UseExplicitTypes Priority:3 Use Explicit Types.
[WARNING] PMD Failure: com.lemzo.ecommerce.domain.sales.api.OrderResource:103 Rule:UseExplicitTypes Priority:3 Use Explicit Types.
[WARNING] PMD Failure: com.lemzo.ecommerce.domain.sales.api.OrderResource:107 Rule:UseExplicitTypes Priority:3 Use Explicit Types.
[WARNING] PMD Failure: com.lemzo.ecommerce.domain.sales.api.OrderResource:116 Rule:UseExplicitTypes Priority:3 Use Explicit Types.
[WARNING] PMD Failure: com.lemzo.ecommerce.domain.sales.api.dto.OrderResponse:12 Rule:ShortVariable Priority:3 Avoid variables with short names like id.
[WARNING] PMD Failure: com.lemzo.ecommerce.domain.sales.repository.CartRepository:24 Rule:LongVariable Priority:3 Avoid excessively long variable names like EXPIRATION_SECONDS.
[WARNING] PMD Failure: com.lemzo.ecommerce.domain.sales.repository.CartRepository:24 Rule:UseUnderscoresInNumericLiterals Priority:3 Number 86400 should separate every third digit with an underscore.
[WARNING] PMD Failure: com.lemzo.ecommerce.domain.sales.repository.CartRepository:32 Rule:MethodArgumentCouldBeFinal Priority:3 Parameter 'cart' is not assigned and could be declared final.
[WARNING] PMD Failure: com.lemzo.ecommerce.domain.sales.repository.CartRepository:33 Rule:LocalVariableCouldBeFinal Priority:3 Local variable 'key' could be declared final.
[WARNING] PMD Failure: com.lemzo.ecommerce.domain.sales.repository.CartRepository:33 Rule:UseExplicitTypes Priority:3 Use Explicit Types.
[WARNING] PMD Failure: com.lemzo.ecommerce.domain.sales.repository.CartRepository:34 Rule:UseExplicitTypes Priority:3 Use Explicit Types.
[WARNING] PMD Failure: com.lemzo.ecommerce.domain.sales.repository.CartRepository:42 Rule:MethodArgumentCouldBeFinal Priority:3 Parameter 'userId' is not assigned and could be declared final.
[WARNING] PMD Failure: com.lemzo.ecommerce.domain.sales.repository.CartRepository:43 Rule:LocalVariableCouldBeFinal Priority:3 Local variable 'key' could be declared final.
[WARNING] PMD Failure: com.lemzo.ecommerce.domain.sales.repository.CartRepository:43 Rule:UseExplicitTypes Priority:3 Use Explicit Types.
[WARNING] PMD Failure: com.lemzo.ecommerce.domain.sales.repository.CartRepository:44 Rule:UseExplicitTypes Priority:3 Use Explicit Types.
[WARNING] PMD Failure: com.lemzo.ecommerce.domain.sales.repository.CartRepository:53 Rule:MethodArgumentCouldBeFinal Priority:3 Parameter 'userId' is not assigned and could be declared final.
[WARNING] PMD Failure: com.lemzo.ecommerce.domain.sales.repository.CartRepository:54 Rule:LocalVariableCouldBeFinal Priority:3 Local variable 'key' could be declared final.
[WARNING] PMD Failure: com.lemzo.ecommerce.domain.sales.repository.CartRepository:54 Rule:UseExplicitTypes Priority:3 Use Explicit Types.
[WARNING] PMD Failure: com.lemzo.ecommerce.domain.sales.repository.CartRepository:55 Rule:UseExplicitTypes Priority:3 Use Explicit Types.
[WARNING] PMD Failure: com.lemzo.ecommerce.domain.sales.service.CartService:33 Rule:UseExplicitTypes Priority:3 Use Explicit Types.
[WARNING] PMD Failure: com.lemzo.ecommerce.domain.sales.service.CartService:35 Rule:UseExplicitTypes Priority:3 Use Explicit Types.
[WARNING] PMD Failure: com.lemzo.ecommerce.domain.sales.service.CartService:38 Rule:UseExplicitTypes Priority:3 Use Explicit Types.
[WARNING] PMD Failure: com.lemzo.ecommerce.domain.sales.service.CartService:42 Rule:UseExplicitTypes Priority:3 Use Explicit Types.
[WARNING] PMD Failure: com.lemzo.ecommerce.domain.sales.service.CartService:52 Rule:UseExplicitTypes Priority:3 Use Explicit Types.
[WARNING] PMD Failure: com.lemzo.ecommerce.domain.sales.service.CartService:58 Rule:UseExplicitTypes Priority:3 Use Explicit Types.
[WARNING] PMD Failure: com.lemzo.ecommerce.domain.sales.service.CartService:59 Rule:UseExplicitTypes Priority:3 Use Explicit Types.
[WARNING] PMD Failure: com.lemzo.ecommerce.domain.sales.service.CartService:63 Rule:UseExplicitTypes Priority:3 Use Explicit Types.
[WARNING] PMD Failure: com.lemzo.ecommerce.domain.sales.service.SalesService:6 Rule:UnnecessaryImport Priority:4 Unused import 'com.lemzo.ecommerce.core.domain.Address'.
[WARNING] PMD Failure: com.lemzo.ecommerce.domain.sales.service.SalesService:40 Rule:LongVariable Priority:3 Avoid excessively long variable names like paymentGatewayProvider.
[WARNING] PMD Failure: com.lemzo.ecommerce.domain.sales.service.SalesService:41 Rule:LongVariable Priority:3 Avoid excessively long variable names like shippingRateProvider.
[WARNING] PMD Failure: com.lemzo.ecommerce.domain.sales.service.SalesService:46 Rule:UseExplicitTypes Priority:3 Use Explicit Types.
[WARNING] PMD Failure: com.lemzo.ecommerce.domain.sales.service.SalesService:53 Rule:UseExplicitTypes Priority:3 Use Explicit Types.
[WARNING] PMD Failure: com.lemzo.ecommerce.domain.sales.service.SalesService:56 Rule:UseExplicitTypes Priority:3 Use Explicit Types.
[WARNING] PMD Failure: com.lemzo.ecommerce.domain.sales.service.SalesService:61 Rule:UseExplicitTypes Priority:3 Use Explicit Types.
[WARNING] PMD Failure: com.lemzo.ecommerce.domain.sales.service.SalesService:70 Rule:UseExplicitTypes Priority:3 Use Explicit Types.
[WARNING] PMD Failure: com.lemzo.ecommerce.domain.sales.service.SalesService:71 Rule:UseExplicitTypes Priority:3 Use Explicit Types.
[WARNING] PMD Failure: com.lemzo.ecommerce.domain.sales.service.SalesService:83 Rule:UseExplicitTypes Priority:3 Use Explicit Types.
[WARNING] PMD Failure: com.lemzo.ecommerce.domain.sales.service.SalesService:84 Rule:UseExplicitTypes Priority:3 Use Explicit Types.
[WARNING] PMD Failure: com.lemzo.ecommerce.domain.sales.service.SalesService:87 Rule:UseExplicitTypes Priority:3 Use Explicit Types.
[WARNING] PMD Failure: com.lemzo.ecommerce.domain.sales.service.SalesService:96 Rule:UseExplicitTypes Priority:3 Use Explicit Types.
[WARNING] PMD Failure: com.lemzo.ecommerce.domain.sales.service.SalesService:112 Rule:UseExplicitTypes Priority:3 Use Explicit Types.
[WARNING] PMD Failure: com.lemzo.ecommerce.domain.sales.service.SalesService:124 Rule:UseExplicitTypes Priority:3 Use Explicit Types.
[WARNING] PMD 7.17.0 has found 58 violations. For more details see: /home/lemzo/Documents/Workspace/ecommerce/domain/domain-sales/target/pmd.xml
[INFO] 
[INFO] 
[INFO] ---------------------< com.lemzo:domain-analytics >---------------------
[INFO] ---------------------< com.lemzo:domain-shipping >----------------------
[INFO] Building domain-analytics 1.0-SNAPSHOT                           [14/16]
[INFO] Building domain-shipping 1.0-SNAPSHOT                            [15/16]
[INFO]   from domain/domain-analytics/pom.xml
[INFO]   from domain/domain-shipping/pom.xml
[INFO] --------------------------------[ jar ]---------------------------------
[INFO] --------------------------------[ jar ]---------------------------------
[INFO] 
[INFO] 
[INFO] >>> pmd:3.28.0:check (default-cli) > :pmd @ domain-analytics >>>
[INFO] >>> pmd:3.28.0:check (default-cli) > :pmd @ domain-shipping >>>
[INFO] 
[INFO] --- pmd:3.28.0:pmd (pmd) @ domain-shipping ---
[WARNING] Unable to locate Source XRef to link to -- DISABLED
[INFO] 
[INFO] --- pmd:3.28.0:pmd (pmd) @ domain-analytics ---
[WARNING] Unable to locate Source XRef to link to -- DISABLED
[INFO] PMD version: 7.17.0
[INFO] PMD version: 7.17.0
[INFO] Rendering content with org.apache.maven.skins:maven-fluido-skin:jar:2.0.0-M9 skin
[INFO] 
[INFO] <<< pmd:3.28.0:check (default-cli) < :pmd @ domain-shipping <<<
[INFO] 
[INFO] 
[INFO] --- pmd:3.28.0:check (default-cli) @ domain-shipping ---
[WARNING] PMD Failure: com.lemzo.ecommerce.domain.shipping.api.ShippingResource:36 Rule:LongVariable Priority:3 Avoid excessively long variable names like shipmentRepository.
[WARNING] PMD Failure: com.lemzo.ecommerce.domain.shipping.api.ShippingResource:59 Rule:UseExplicitTypes Priority:3 Use Explicit Types.
[WARNING] PMD Failure: com.lemzo.ecommerce.domain.shipping.api.dto.ShipmentResponse:11 Rule:ShortVariable Priority:3 Avoid variables with short names like id.
[WARNING] PMD Failure: com.lemzo.ecommerce.domain.shipping.api.dto.ShipmentResponse:16 Rule:LongVariable Priority:3 Avoid excessively long variable names like estimatedDeliveryDate.
[WARNING] PMD Failure: com.lemzo.ecommerce.domain.shipping.domain.Shipment:40 Rule:LongVariable Priority:3 Avoid excessively long variable names like estimatedDeliveryDate.
[WARNING] PMD Failure: com.lemzo.ecommerce.domain.shipping.service.DefaultShippingRateProvider:18 Rule:LongVariable Priority:3 Avoid excessively long variable names like FREE_SHIPPING_THRESHOLD.
[WARNING] PMD Failure: com.lemzo.ecommerce.domain.shipping.service.DefaultShippingRateProvider:20 Rule:UnnecessaryConstructor Priority:3 Avoid unnecessary constructors - the compiler will generate these for you.
[WARNING] PMD Failure: com.lemzo.ecommerce.domain.shipping.service.DefaultShippingRateProvider:29 Rule:OnlyOneReturn Priority:3 A method should have only one exit point, and that should be the last statement in the method.
[WARNING] PMD Failure: com.lemzo.ecommerce.domain.shipping.service.DefaultShippingRateProvider:32 Rule:UseExplicitTypes Priority:3 Use Explicit Types.
[WARNING] PMD Failure: com.lemzo.ecommerce.domain.shipping.service.DefaultShippingRateProvider:37 Rule:UseExplicitTypes Priority:3 Use Explicit Types.
[WARNING] PMD Failure: com.lemzo.ecommerce.domain.shipping.service.DefaultShippingRateProvider:40 Rule:UseExplicitTypes Priority:3 Use Explicit Types.
[WARNING] PMD Failure: com.lemzo.ecommerce.domain.shipping.service.DefaultShippingRateProvider:43 Rule:UseExplicitTypes Priority:3 Use Explicit Types.
[WARNING] PMD Failure: com.lemzo.ecommerce.domain.shipping.service.ShippingService:24 Rule:LongVariable Priority:3 Avoid excessively long variable names like shipmentRepository.
[WARNING] PMD Failure: com.lemzo.ecommerce.domain.shipping.service.ShippingService:29 Rule:UseExplicitTypes Priority:3 Use Explicit Types.
[WARNING] PMD Failure: com.lemzo.ecommerce.domain.shipping.service.ShippingService:30 Rule:UseExplicitTypes Priority:3 Use Explicit Types.
[WARNING] PMD Failure: com.lemzo.ecommerce.domain.shipping.service.ShippingService:38 Rule:UseExplicitTypes Priority:3 Use Explicit Types.
[WARNING] PMD 7.17.0 has found 16 violations. For more details see: /home/lemzo/Documents/Workspace/ecommerce/domain/domain-shipping/target/pmd.xml
[INFO] Rendering content with org.apache.maven.skins:maven-fluido-skin:jar:2.0.0-M9 skin
[INFO] 
[INFO] <<< pmd:3.28.0:check (default-cli) < :pmd @ domain-analytics <<<
[INFO] 
[INFO] 
[INFO] --- pmd:3.28.0:check (default-cli) @ domain-analytics ---
[WARNING] PMD Failure: com.lemzo.ecommerce.domain.analytics.api.AnalyticsResource:43 Rule:UseExplicitTypes Priority:3 Use Explicit Types.
[WARNING] PMD Failure: com.lemzo.ecommerce.domain.analytics.api.AnalyticsResource:55 Rule:UseExplicitTypes Priority:3 Use Explicit Types.
[WARNING] PMD Failure: com.lemzo.ecommerce.domain.analytics.service.AnalyticsService:5 Rule:UnnecessaryImport Priority:4 Unused import 'com.lemzo.ecommerce.domain.analytics.api.dto.TopProductStats'.
[WARNING] PMD Failure: com.lemzo.ecommerce.domain.analytics.service.AnalyticsService:25 Rule:LongVariable Priority:3 Avoid excessively long variable names like analyticsRepository.
[WARNING] PMD Failure: com.lemzo.ecommerce.domain.analytics.service.AnalyticsService:29 Rule:UseExplicitTypes Priority:3 Use Explicit Types.
[WARNING] PMD Failure: com.lemzo.ecommerce.domain.analytics.service.AnalyticsService:30 Rule:UseExplicitTypes Priority:3 Use Explicit Types.
[WARNING] PMD Failure: com.lemzo.ecommerce.domain.analytics.service.AnalyticsService:34 Rule:UseExplicitTypes Priority:3 Use Explicit Types.
[WARNING] PMD Failure: com.lemzo.ecommerce.domain.analytics.service.AnalyticsService:46 Rule:UseExplicitTypes Priority:3 Use Explicit Types.
[WARNING] PMD Failure: com.lemzo.ecommerce.domain.analytics.service.AnalyticsService:47 Rule:UseExplicitTypes Priority:3 Use Explicit Types.
[WARNING] PMD Failure: com.lemzo.ecommerce.domain.analytics.service.AnalyticsService:58 Rule:UseExplicitTypes Priority:3 Use Explicit Types.
[WARNING] PMD Failure: com.lemzo.ecommerce.domain.analytics.service.AnalyticsService:59 Rule:UseExplicitTypes Priority:3 Use Explicit Types.
[WARNING] PMD 7.17.0 has found 11 violations. For more details see: /home/lemzo/Documents/Workspace/ecommerce/domain/domain-analytics/target/pmd.xml
[INFO] 
[INFO] ---------------------------< com.lemzo:api >----------------------------
[INFO] Building api 1.0-SNAPSHOT                                        [16/16]
[INFO]   from api/pom.xml
[INFO] --------------------------------[ war ]---------------------------------
[INFO] 
[INFO] >>> pmd:3.28.0:check (default-cli) > :pmd @ api >>>
[INFO] 
[INFO] --- pmd:3.28.0:pmd (pmd) @ api ---
[WARNING] Unable to locate Source XRef to link to -- DISABLED
[INFO] PMD version: 7.17.0
[INFO] Rendering content with org.apache.maven.skins:maven-fluido-skin:jar:2.0.0-M9 skin
[INFO] 
[INFO] <<< pmd:3.28.0:check (default-cli) < :pmd @ api <<<
[INFO] 
[INFO] 
[INFO] --- pmd:3.28.0:check (default-cli) @ api ---
[WARNING] PMD Failure: com.lemzo.ecommerce.api.HelloApplication:34 Rule:AtLeastOneConstructor Priority:3 Each class should declare at least one constructor.
[WARNING] PMD Failure: com.lemzo.ecommerce.api.HelloResource:8 Rule:AtLeastOneConstructor Priority:3 Each class should declare at least one constructor.
[WARNING] PMD Failure: com.lemzo.ecommerce.api.infrastructure.concurrency.ConcurrencyConfig:15 Rule:AtLeastOneConstructor Priority:3 Each class should declare at least one constructor.
[WARNING] PMD Failure: com.lemzo.ecommerce.api.infrastructure.migration.FlywayMigrationService:14 Rule:AtLeastOneConstructor Priority:3 Each class should declare at least one constructor.
[WARNING] PMD Failure: com.lemzo.ecommerce.api.infrastructure.migration.FlywayMigrationService:31 Rule:GuardLogStatement Priority:2 Logger calls should be surrounded by log level guards..
[WARNING] PMD Failure: com.lemzo.ecommerce.api.infrastructure.migration.FlywayMigrationService:34 Rule:LocalVariableCouldBeFinal Priority:3 Local variable 'flyway' could be declared final.
[WARNING] PMD Failure: com.lemzo.ecommerce.api.infrastructure.migration.FlywayMigrationService:43 Rule:GuardLogStatement Priority:2 Logger calls should be surrounded by log level guards..
[WARNING] PMD Failure: com.lemzo.ecommerce.api.infrastructure.seeding.CatalogSeeder:37 Rule:UseExplicitTypes Priority:3 Use Explicit Types.
[WARNING] PMD Failure: com.lemzo.ecommerce.api.infrastructure.seeding.CatalogSeeder:38 Rule:UseExplicitTypes Priority:3 Use Explicit Types.
[WARNING] PMD Failure: com.lemzo.ecommerce.api.infrastructure.seeding.CatalogSeeder:39 Rule:UseExplicitTypes Priority:3 Use Explicit Types.
[WARNING] PMD 7.17.0 has found 10 violations. For more details see: /home/lemzo/Documents/Workspace/ecommerce/api/target/pmd.xml
[INFO] ------------------------------------------------------------------------
[INFO] Reactor Summary for ecommerce 1.0-SNAPSHOT:
[INFO] 
[INFO] ecommerce .......................................... SUCCESS [  1.486 s]
[INFO] core ............................................... SUCCESS [  4.768 s]
[INFO] util ............................................... SUCCESS [  2.251 s]
[INFO] storage ............................................ SUCCESS [  2.341 s]
[INFO] audit .............................................. SUCCESS [  2.247 s]
[INFO] security ........................................... SUCCESS [  1.140 s]
[INFO] iam ................................................ SUCCESS [  1.605 s]
[INFO] payment ............................................ SUCCESS [  2.215 s]
[INFO] domain ............................................. SUCCESS [  0.030 s]
[INFO] domain-catalog ..................................... SUCCESS [  1.531 s]
[INFO] domain-inventory ................................... SUCCESS [  1.020 s]
[INFO] domain-marketing ................................... SUCCESS [  0.921 s]
[INFO] domain-sales ....................................... SUCCESS [  0.959 s]
[INFO] domain-analytics ................................... SUCCESS [  0.774 s]
[INFO] domain-shipping .................................... SUCCESS [  0.722 s]
[INFO] api ................................................ SUCCESS [  0.656 s]
[INFO] ------------------------------------------------------------------------
[INFO] BUILD SUCCESS
[INFO] ------------------------------------------------------------------------
[INFO] Total time:  15.326 s (Wall Clock)
[INFO] Finished at: 2026-03-09T11:51:49Z
[INFO] ------------------------------------------------------------------------
